<?xml version="1.0" encoding="UTF-8"?>
<!-- Generated by org.testng.reporters.JUnitReportReporter -->
<testsuite skipped="0" hostname="DESKTOP-T1FFBUR" name="TCD002_Post_Request" tests="1" failures="0" timestamp="2020-02-26T12:22:34 IST" time="6.519" errors="0">
  <testcase name="registerNewCustomer" time="6.519" classname="TCD002_Post_Request"/>
  <system-out/>
</testsuite> <!-- TCD002_Post_Request -->
