<?xml version="1.0" encoding="UTF-8"?>
<!-- Generated by org.testng.reporters.JUnitReportReporter -->
<testsuite skipped="0" hostname="DESKTOP-T1FFBUR" name="TCID01_Demo_GetRequest" tests="1" failures="0" timestamp="2020-02-26T12:32:59 IST" time="5.761" errors="0">
  <testcase name="getWeatherData" time="5.761" classname="TCID01_Demo_GetRequest"/>
  <system-out/>
</testsuite> <!-- TCID01_Demo_GetRequest -->
