<?xml version="1.0" encoding="UTF-8"?>
<!-- Generated by org.testng.reporters.JUnitReportReporter -->
<testsuite skipped="0" hostname="DESKTOP-T1FFBUR" name="TCD003_GET_Request" tests="1" failures="0" timestamp="2020-02-26T11:32:33 IST" time="5.916" errors="0">
  <testcase name="googleMapValidateHeader" time="5.916" classname="TCD003_GET_Request"/>
  <system-out/>
</testsuite> <!-- TCD003_GET_Request -->
