<?xml version="1.0" encoding="UTF-8"?>
<!-- Generated by org.testng.reporters.JUnitReportReporter -->
<testsuite skipped="0" hostname="DESKTOP-T1FFBUR" name="TCD004_GET_Request" tests="1" failures="0" timestamp="2020-02-26T12:07:25 IST" time="5.284" errors="0">
  <testcase name="getHeaders" time="5.284" classname="TCD004_GET_Request"/>
  <system-out/>
</testsuite> <!-- TCD004_GET_Request -->
